Flow report for hello_world
Sun Feb 13 20:15:17 2022
Quartus Prime Version 20.1.1 Build 720 11/11/2020 SJ Lite Edition


---------------------
; Table of Contents ;
---------------------
  1. Legal Notice
  2. Flow Summary
  3. Flow Settings
  4. Flow Non-Default Global Settings
  5. Flow Elapsed Time
  6. Flow OS Summary
  7. Flow Log
  8. Flow Messages
  9. Flow Suppressed Messages



----------------
; Legal Notice ;
----------------
Copyright (C) 2020  Intel Corporation. All rights reserved.
Your use of Intel Corporation's design tools, logic functions 
and other software and tools, and any partner logic 
functions, and any output files from any of the foregoing 
(including device programming or simulation files), and any 
associated documentation or information are expressly subject 
to the terms and conditions of the Intel Program License 
Subscription Agreement, the Intel Quartus Prime License Agreement,
the Intel FPGA IP License Agreement, or other applicable license
agreement, including, without limitation, that your use is for
the sole purpose of programming logic devices manufactured by
Intel and sold by Intel or its authorized distributors.  Please
refer to the applicable agreement for further details, at
https://fpgasoftware.intel.com/eula.



+-------------------------------------------------------------------------------+
; Flow Summary                                                                  ;
+---------------------------------+---------------------------------------------+
; Flow Status                     ; Successful - Sun Feb 13 20:14:49 2022       ;
; Quartus Prime Version           ; 20.1.1 Build 720 11/11/2020 SJ Lite Edition ;
; Revision Name                   ; hello_world                                 ;
; Top-level Entity Name           ; hello_world                                 ;
; Family                          ; Cyclone V                                   ;
; Device                          ; 5CSEMA5F31C6                                ;
; Timing Models                   ; Final                                       ;
; Logic utilization (in ALMs)     ; 1,662 / 32,070 ( 5 % )                      ;
; Total registers                 ; 2758                                        ;
; Total pins                      ; 47 / 457 ( 10 % )                           ;
; Total virtual pins              ; 0                                           ;
; Total block memory bits         ; 310,144 / 4,065,280 ( 8 % )                 ;
; Total DSP Blocks                ; 3 / 87 ( 3 % )                              ;
; Total HSSI RX PCSs              ; 0                                           ;
; Total HSSI PMA RX Deserializers ; 0                                           ;
; Total HSSI TX PCSs              ; 0                                           ;
; Total HSSI PMA TX Serializers   ; 0                                           ;
; Total PLLs                      ; 1 / 6 ( 17 % )                              ;
; Total DLLs                      ; 0 / 4 ( 0 % )                               ;
+---------------------------------+---------------------------------------------+


+-----------------------------------------+
; Flow Settings                           ;
+-------------------+---------------------+
; Option            ; Setting             ;
+-------------------+---------------------+
; Start date & time ; 02/13/2022 20:08:28 ;
; Main task         ; Compilation         ;
; Revision Name     ; hello_world         ;
+-------------------+---------------------+


+------------------------------------------------------------------------------------------------------------------------------+
; Flow Non-Default Global Settings                                                                                             ;
+-------------------------------------+---------------------------------------------+---------------+-------------+------------+
; Assignment Name                     ; Value                                       ; Default Value ; Entity Name ; Section Id ;
+-------------------------------------+---------------------------------------------+---------------+-------------+------------+
; COMPILER_SIGNATURE_ID               ; 52227780780.164478290812025                 ; --            ; --          ; --         ;
; MAX_CORE_JUNCTION_TEMP              ; 85                                          ; --            ; --          ; --         ;
; MIN_CORE_JUNCTION_TEMP              ; 0                                           ; --            ; --          ; --         ;
; MISC_FILE                           ; pll.cmp                                     ; --            ; --          ; --         ;
; MISC_FILE                           ; pll_sim/pll.vo                              ; --            ; --          ; --         ;
; PARTITION_COLOR                     ; -- (Not supported for targeted family)      ; --            ; --          ; Top        ;
; PARTITION_FITTER_PRESERVATION_LEVEL ; -- (Not supported for targeted family)      ; --            ; --          ; Top        ;
; PARTITION_NETLIST_TYPE              ; -- (Not supported for targeted family)      ; --            ; --          ; Top        ;
; POWER_BOARD_THERMAL_MODEL           ; None (CONSERVATIVE)                         ; --            ; --          ; --         ;
; POWER_PRESET_COOLING_SOLUTION       ; 23 MM HEAT SINK WITH 200 LFPM AIRFLOW       ; --            ; --          ; --         ;
; SEARCH_PATH                         ; /home/e2/gv319-repo/system_template_de1_soc ; --            ; --          ; --         ;
; SPD_FILE                            ; pll.spd                                     ; --            ; --          ; --         ;
; SYNTHESIS_ONLY_QIP                  ; On                                          ; --            ; --          ; --         ;
; TIMING_ANALYZER_DO_REPORT_TIMING    ; On                                          ; Off           ; --          ; --         ;
+-------------------------------------+---------------------------------------------+---------------+-------------+------------+


+--------------------------------------------------------------------------------------------------------------------------+
; Flow Elapsed Time                                                                                                        ;
+----------------------+--------------+-------------------------+---------------------+------------------------------------+
; Module Name          ; Elapsed Time ; Average Processors Used ; Peak Virtual Memory ; Total CPU Time (on all processors) ;
+----------------------+--------------+-------------------------+---------------------+------------------------------------+
; Analysis & Synthesis ; 00:01:27     ; 1.0                     ; 673 MB              ; 00:01:10                           ;
; Fitter               ; 00:04:36     ; 1.1                     ; 2035 MB             ; 00:03:30                           ;
; Assembler            ; 00:00:10     ; 1.0                     ; 559 MB              ; 00:00:08                           ;
; Timing Analyzer      ; 00:00:27     ; 1.5                     ; 1068 MB             ; 00:00:23                           ;
; Total                ; 00:06:40     ; --                      ; --                  ; 00:05:11                           ;
+----------------------+--------------+-------------------------+---------------------+------------------------------------+


+----------------------------------------------------------------------------------------+
; Flow OS Summary                                                                        ;
+----------------------+------------------+----------------+------------+----------------+
; Module Name          ; Machine Hostname ; OS Name        ; OS Version ; Processor type ;
+----------------------+------------------+----------------+------------+----------------+
; Analysis & Synthesis ; e2-vm            ; Ubuntu 18.04.5 ; 18         ; x86_64         ;
; Fitter               ; e2-vm            ; Ubuntu 18.04.5 ; 18         ; x86_64         ;
; Assembler            ; e2-vm            ; Ubuntu 18.04.5 ; 18         ; x86_64         ;
; Timing Analyzer      ; e2-vm            ; Ubuntu 18.04.5 ; 18         ; x86_64         ;
+----------------------+------------------+----------------+------------+----------------+


------------
; Flow Log ;
------------
quartus_map --read_settings_files=on --write_settings_files=off hello_world -c hello_world
quartus_fit --read_settings_files=off --write_settings_files=off hello_world -c hello_world
quartus_asm --read_settings_files=off --write_settings_files=off hello_world -c hello_world
quartus_sta hello_world -c hello_world



